<?xml version="1.0" encoding="UTF-8"?>
<testsuite xmlns:xsi="http://www.w3.org/2001/XMLSchema-instance" xsi:noNamespaceSchemaLocation="https://maven.apache.org/surefire/maven-surefire-plugin/xsd/surefire-test-report-3.0.xsd" version="3.0" name="com.securebank.account.PostgresTestcontainersTest" time="11.917" tests="1" errors="0" skipped="0" failures="0">
  <properties>
[...]
</properties>
  <testcase name="shouldSaveAndLoadAccount" classname="com.securebank.account.PostgresTestcontainersTest" time="0.175">
    <system-out><![CDATA[22:35:55.493 [main] INFO org.testcontainers.images.PullPolicy -- Image pull policy will be performed by: DefaultPullPolicy()
22:35:55.507 [main] INFO org.testcontainers.utility.ImageNameSubstitutor -- Image name substitution will be performed by: DefaultImageNameSubstitutor (composite of 'ConfigurationFileImageNameSubstitutor' and 'PrefixingImageNameSubstitutor')
22:35:56.313 [main] INFO org.testcontainers.dockerclient.DockerClientProviderStrategy -- Loaded org.testcontainers.dockerclient.UnixSocketClientProviderStrategy from ~/.testcontainers.properties, will try it first
22:35:56.951 [main] INFO org.testcontainers.dockerclient.DockerClientProviderStrategy -- Found Docker environment with local Unix socket (unix:///var/run/docker.sock)
22:35:56.953 [main] INFO org.testcontainers.DockerClientFactory -- Docker host IP address is localhost
22:35:56.987 [main] INFO org.testcontainers.DockerClientFactory -- Connected to docker: 
  Server Version: 20.10.21
  API Version: 1.41
  Operating System: Docker Desktop
  Total Memory: 7959 MB
22:35:57.022 [main] INFO tc.testcontainers/ryuk:0.5.1 -- Creating container for image: testcontainers/ryuk:0.5.1
22:35:57.639 [main] INFO tc.testcontainers/ryuk:0.5.1 -- Container testcontainers/ryuk:0.5.1 is starting: 3aac03c3c2962c5473ecca35c0d48ca81a504ce5fa6bc0851ed8678bae90621e
22:35:59.022 [main] INFO tc.testcontainers/ryuk:0.5.1 -- Container testcontainers/ryuk:0.5.1 started in PT2.000143S
22:35:59.037 [main] INFO org.testcontainers.utility.RyukResourceReaper -- Ryuk started - will monitor and terminate Testcontainers containers on JVM exit
22:35:59.038 [main] INFO org.testcontainers.DockerClientFactory -- Checking the system...
22:35:59.038 [main] INFO org.testcontainers.DockerClientFactory -- ✔︎ Docker server version should be at least 1.6.0
22:35:59.039 [main] INFO tc.postgres:15 -- Creating container for image: postgres:15
22:35:59.159 [main] INFO tc.postgres:15 -- Container postgres:15 is starting: 48898958a30bd07ad0314a3936bd1c2876b5c52e504c71d13376de790d4481d6
22:36:02.296 [main] INFO tc.postgres:15 -- Container postgres:15 started in PT3.25712S
22:36:02.297 [main] INFO tc.postgres:15 -- Container is started (JDBC URL: jdbc:postgresql://localhost:50065/testdb?loggerLevel=OFF)
22:36:02.473 [main] INFO org.springframework.test.context.support.AnnotationConfigContextLoaderUtils -- Could not detect default configuration classes for test class [com.securebank.account.PostgresTestcontainersTest]: PostgresTestcontainersTest does not declare any static, non-private, non-final, nested classes annotated with @Configuration.
22:36:02.658 [main] INFO org.springframework.boot.test.context.SpringBootTestContextBootstrapper -- Found @SpringBootConfiguration com.securebank.account.AccountServiceApplication for test class com.securebank.account.PostgresTestcontainersTest

  .   ____          _            __ _ _
 /\\ / ___'_ __ _ _(_)_ __  __ _ \ \ \ \
( ( )\___ | '_ | '_| | '_ \/ _` | \ \ \ \
 \\/  ___)| |_)| | | | | || (_| |  ) ) ) )
  '  |____| .__|_| |_|_| |_\__, | / / / /
 =========|_|==============|___/=/_/_/_/
 :: Spring Boot ::                (v3.2.5)

2025-06-10T22:36:03.590+05:30  INFO 54417 --- [           main] c.s.account.PostgresTestcontainersTest   : Starting PostgresTestcontainersTest using Java 17.0.8 with PID 54417 (started by nag in /Users/nag/devsecops-java-workshop/phase-2/securebank-account-service-hardened)
2025-06-10T22:36:03.592+05:30  INFO 54417 --- [           main] c.s.account.PostgresTestcontainersTest   : No active profile set, falling back to 1 default profile: "default"
2025-06-10T22:36:04.077+05:30  INFO 54417 --- [           main] .s.d.r.c.RepositoryConfigurationDelegate : Bootstrapping Spring Data JPA repositories in DEFAULT mode.
2025-06-10T22:36:04.137+05:30  INFO 54417 --- [           main] .s.d.r.c.RepositoryConfigurationDelegate : Finished Spring Data repository scanning in 51 ms. Found 1 JPA repository interface.
2025-06-10T22:36:04.192+05:30  INFO 54417 --- [           main] beddedDataSourceBeanFactoryPostProcessor : Replacing 'dataSource' DataSource bean with embedded version
2025-06-10T22:36:04.405+05:30  INFO 54417 --- [           main] o.s.j.d.e.EmbeddedDatabaseFactory        : Starting embedded database: url='jdbc:h2:mem:be6c7cc7-d8d7-4b81-beab-71b713c7163d;DB_CLOSE_DELAY=-1;DB_CLOSE_ON_EXIT=false', username='sa'
2025-06-10T22:36:04.903+05:30  INFO 54417 --- [           main] o.hibernate.jpa.internal.util.LogHelper  : HHH000204: Processing PersistenceUnitInfo [name: default]
2025-06-10T22:36:05.096+05:30  INFO 54417 --- [           main] org.hibernate.Version                    : HHH000412: Hibernate ORM core version 6.4.4.Final
2025-06-10T22:36:05.144+05:30  INFO 54417 --- [           main] o.h.c.internal.RegionFactoryInitiator    : HHH000026: Second-level cache disabled
2025-06-10T22:36:05.302+05:30  INFO 54417 --- [           main] o.s.o.j.p.SpringPersistenceUnitInfo      : No LoadTimeWeaver setup: ignoring JPA class transformer
2025-06-10T22:36:06.155+05:30  INFO 54417 --- [           main] o.h.e.t.j.p.i.JtaPlatformInitiator       : HHH000489: No JTA platform available (set 'hibernate.transaction.jta.platform' to enable JTA platform integration)
Hibernate: 
    create table account (
        id bigint not null,
        balance numeric(38,2),
        owner varchar(255),
        primary key (id)
    )
2025-06-10T22:36:06.213+05:30  INFO 54417 --- [           main] j.LocalContainerEntityManagerFactoryBean : Initialized JPA EntityManagerFactory for persistence unit 'default'
2025-06-10T22:36:06.541+05:30  INFO 54417 --- [           main] c.s.account.PostgresTestcontainersTest   : Started PostgresTestcontainersTest in 3.562 seconds (process running for 14.118)
Hibernate: 
    select
        a1_0.id,
        a1_0.balance,
        a1_0.owner 
    from
        account a1_0
Hibernate: 
    select
        a1_0.id,
        a1_0.balance,
        a1_0.owner 
    from
        account a1_0 
    where
        a1_0.id=?
]]></system-out>
  </testcase>
</testsuite>