<?xml version="1.0" encoding="UTF-8"?>
<testsuite xmlns:xsi="http://www.w3.org/2001/XMLSchema-instance" xsi:noNamespaceSchemaLocation="https://maven.apache.org/surefire/maven-surefire-plugin/xsd/surefire-test-report-3.0.xsd" version="3.0" name="com.securebank.account.AccountIntegrationTest" time="2.686" tests="1" errors="0" skipped="0" failures="0">
  <properties>
[...]
</properties>
  <testcase name="testTransferApi" classname="com.securebank.account.AccountIntegrationTest" time="0.343">
    <system-out><![CDATA[2025-06-10T01:43:51.128+05:30  INFO 95016 --- [           main] t.c.s.AnnotationConfigContextLoaderUtils : Could not detect default configuration classes for test class [com.securebank.account.AccountIntegrationTest]: AccountIntegrationTest does not declare any static, non-private, non-final, nested classes annotated with @Configuration.
2025-06-10T01:43:51.141+05:30  INFO 95016 --- [           main] .b.t.c.SpringBootTestContextBootstrapper : Found @SpringBootConfiguration com.securebank.account.AccountServiceApplication for test class com.securebank.account.AccountIntegrationTest

  .   ____          _            __ _ _
 /\\ / ___'_ __ _ _(_)_ __  __ _ \ \ \ \
( ( )\___ | '_ | '_| | '_ \/ _` | \ \ \ \
 \\/  ___)| |_)| | | | | || (_| |  ) ) ) )
  '  |____| .__|_| |_|_| |_\__, | / / / /
 =========|_|==============|___/=/_/_/_/
 :: Spring Boot ::                (v3.2.5)

2025-06-10T01:43:51.263+05:30  INFO 95016 --- [           main] c.s.account.AccountIntegrationTest       : Starting AccountIntegrationTest using Java 17.0.8 with PID 95016 (started by nag in /Users/nag/devsecops-java-workshop/securebank-account-service)
2025-06-10T01:43:51.263+05:30  INFO 95016 --- [           main] c.s.account.AccountIntegrationTest       : No active profile set, falling back to 1 default profile: "default"
2025-06-10T01:43:51.268+05:30 DEBUG 95016 --- [           main] o.s.w.c.s.GenericWebApplicationContext   : Refreshing org.springframework.web.context.support.GenericWebApplicationContext@49e54217
2025-06-10T01:43:51.853+05:30  INFO 95016 --- [           main] .s.d.r.c.RepositoryConfigurationDelegate : Bootstrapping Spring Data JPA repositories in DEFAULT mode.
2025-06-10T01:43:51.867+05:30  INFO 95016 --- [           main] .s.d.r.c.RepositoryConfigurationDelegate : Finished Spring Data repository scanning in 13 ms. Found 1 JPA repository interface.
2025-06-10T01:43:52.176+05:30  INFO 95016 --- [           main] o.hibernate.jpa.internal.util.LogHelper  : HHH000204: Processing PersistenceUnitInfo [name: default]
2025-06-10T01:43:52.180+05:30  INFO 95016 --- [           main] o.h.c.internal.RegionFactoryInitiator    : HHH000026: Second-level cache disabled
2025-06-10T01:43:52.187+05:30  INFO 95016 --- [           main] o.s.o.j.p.SpringPersistenceUnitInfo      : No LoadTimeWeaver setup: ignoring JPA class transformer
2025-06-10T01:43:52.190+05:30  INFO 95016 --- [           main] com.zaxxer.hikari.HikariDataSource       : HikariPool-1 - Starting...
2025-06-10T01:43:52.221+05:30  INFO 95016 --- [           main] com.zaxxer.hikari.pool.HikariPool        : HikariPool-1 - Added connection conn4: url=jdbc:h2:mem:testdb user=SA
2025-06-10T01:43:52.224+05:30  INFO 95016 --- [           main] com.zaxxer.hikari.HikariDataSource       : HikariPool-1 - Start completed.
2025-06-10T01:43:52.402+05:30  INFO 95016 --- [           main] o.h.e.t.j.p.i.JtaPlatformInitiator       : HHH000489: No JTA platform available (set 'hibernate.transaction.jta.platform' to enable JTA platform integration)
Hibernate: 
    create table account (
        id bigint not null,
        balance numeric(38,2),
        owner varchar(255),
        primary key (id)
    )
2025-06-10T01:43:52.428+05:30  INFO 95016 --- [           main] j.LocalContainerEntityManagerFactoryBean : Initialized JPA EntityManagerFactory for persistence unit 'default'
2025-06-10T01:43:52.751+05:30  WARN 95016 --- [           main] JpaBaseConfiguration$JpaWebConfiguration : spring.jpa.open-in-view is enabled by default. Therefore, database queries may be performed during view rendering. Explicitly configure spring.jpa.open-in-view to disable this warning
2025-06-10T01:43:52.906+05:30 DEBUG 95016 --- [           main] s.w.s.m.m.a.RequestMappingHandlerMapping : 3 mappings in 'requestMappingHandlerMapping'
2025-06-10T01:43:53.113+05:30 DEBUG 95016 --- [           main] o.s.w.s.handler.SimpleUrlHandlerMapping  : Patterns [/webjars/**, /**] in 'resourceHandlerMapping'
2025-06-10T01:43:53.183+05:30 DEBUG 95016 --- [           main] s.w.s.m.m.a.RequestMappingHandlerAdapter : ControllerAdvice beans: 0 @ModelAttribute, 0 @InitBinder, 1 RequestBodyAdvice, 1 ResponseBodyAdvice
2025-06-10T01:43:53.248+05:30 DEBUG 95016 --- [           main] .m.m.a.ExceptionHandlerExceptionResolver : ControllerAdvice beans: 1 @ExceptionHandler, 1 ResponseBodyAdvice
2025-06-10T01:43:53.323+05:30  INFO 95016 --- [           main] o.s.b.a.h2.H2ConsoleAutoConfiguration    : H2 console available at '/h2-console'. Database available at 'jdbc:h2:mem:testdb'
2025-06-10T01:43:53.405+05:30  INFO 95016 --- [           main] o.s.b.t.m.w.SpringBootMockServletContext : Initializing Spring TestDispatcherServlet ''
2025-06-10T01:43:53.406+05:30  INFO 95016 --- [           main] o.s.t.web.servlet.TestDispatcherServlet  : Initializing Servlet ''
2025-06-10T01:43:53.412+05:30  INFO 95016 --- [           main] o.s.t.web.servlet.TestDispatcherServlet  : Completed initialization in 3 ms
2025-06-10T01:43:53.442+05:30  INFO 95016 --- [           main] c.s.account.AccountIntegrationTest       : Started AccountIntegrationTest in 2.266 seconds (process running for 20.563)
Hibernate: 
    select
        a1_0.id,
        a1_0.balance,
        a1_0.owner 
    from
        account a1_0
Hibernate: 
    select
        a1_0.id,
        a1_0.balance,
        a1_0.owner 
    from
        account a1_0 
    where
        a1_0.id=?
Hibernate: 
    insert 
    into
        account
        (balance, owner, id) 
    values
        (?, ?, ?)
Hibernate: 
    select
        a1_0.id,
        a1_0.balance,
        a1_0.owner 
    from
        account a1_0 
    where
        a1_0.id=?
Hibernate: 
    insert 
    into
        account
        (balance, owner, id) 
    values
        (?, ?, ?)
2025-06-10T01:43:53.629+05:30 DEBUG 95016 --- [           main] s.w.s.m.m.a.RequestMappingHandlerMapping : Mapped to com.securebank.account.controller.TransferController#transfer(TransferRequest)
2025-06-10T01:43:53.729+05:30 DEBUG 95016 --- [           main] m.m.a.RequestResponseBodyMethodProcessor : Read "application/json;charset=UTF-8" to [TransferRequest(fromAccountId=1, toAccountId=2, amount=75.00)]
Hibernate: 
    select
        a1_0.id,
        a1_0.balance,
        a1_0.owner 
    from
        account a1_0 
    where
        a1_0.id=?
Hibernate: 
    select
        a1_0.id,
        a1_0.balance,
        a1_0.owner 
    from
        account a1_0 
    where
        a1_0.id=?
Hibernate: 
    update
        account 
    set
        balance=?,
        owner=? 
    where
        id=?
Hibernate: 
    update
        account 
    set
        balance=?,
        owner=? 
    where
        id=?
2025-06-10T01:43:53.780+05:30 DEBUG 95016 --- [           main] o.s.w.s.m.m.a.HttpEntityMethodProcessor  : Using 'text/plain', given [*/*] and supported [text/plain, */*, application/json, application/*+json]
2025-06-10T01:43:53.782+05:30 DEBUG 95016 --- [           main] o.s.w.s.m.m.a.HttpEntityMethodProcessor  : Writing ["Transfer successful"]
Hibernate: 
    select
        a1_0.id,
        a1_0.balance,
        a1_0.owner 
    from
        account a1_0 
    where
        a1_0.id=?
Hibernate: 
    select
        a1_0.id,
        a1_0.balance,
        a1_0.owner 
    from
        account a1_0 
    where
        a1_0.id=?
]]></system-out>
  </testcase>
</testsuite>