<?xml version="1.0" encoding="UTF-8"?>
<testsuite xmlns:xsi="http://www.w3.org/2001/XMLSchema-instance" xsi:noNamespaceSchemaLocation="https://maven.apache.org/surefire/maven-surefire-plugin/xsd/surefire-test-report-3.0.xsd" version="3.0" name="com.securebank.account.AccountIntegrationTest" time="1.977" tests="1" errors="0" skipped="0" failures="0">
  <properties>
[...]
</properties>
  <testcase name="testTransferApi" classname="com.securebank.account.AccountIntegrationTest" time="0.241">
    <system-out><![CDATA[2025-06-10T22:36:07.283+05:30  INFO 54417 --- [           main] t.c.s.AnnotationConfigContextLoaderUtils : Could not detect default configuration classes for test class [com.securebank.account.AccountIntegrationTest]: AccountIntegrationTest does not declare any static, non-private, non-final, nested classes annotated with @Configuration.
2025-06-10T22:36:07.291+05:30  INFO 54417 --- [           main] .b.t.c.SpringBootTestContextBootstrapper : Found @SpringBootConfiguration com.securebank.account.AccountServiceApplication for test class com.securebank.account.AccountIntegrationTest

  .   ____          _            __ _ _
 /\\ / ___'_ __ _ _(_)_ __  __ _ \ \ \ \
( ( )\___ | '_ | '_| | '_ \/ _` | \ \ \ \
 \\/  ___)| |_)| | | | | || (_| |  ) ) ) )
  '  |____| .__|_| |_|_| |_\__, | / / / /
 =========|_|==============|___/=/_/_/_/
 :: Spring Boot ::                (v3.2.5)

2025-06-10T22:36:07.368+05:30  INFO 54417 --- [           main] c.s.account.AccountIntegrationTest       : Starting AccountIntegrationTest using Java 17.0.8 with PID 54417 (started by nag in /Users/nag/devsecops-java-workshop/phase-2/securebank-account-service-hardened)
2025-06-10T22:36:07.369+05:30  INFO 54417 --- [           main] c.s.account.AccountIntegrationTest       : No active profile set, falling back to 1 default profile: "default"
2025-06-10T22:36:07.371+05:30 DEBUG 54417 --- [           main] o.s.w.c.s.GenericWebApplicationContext   : Refreshing org.springframework.web.context.support.GenericWebApplicationContext@272de8ab
2025-06-10T22:36:07.982+05:30  INFO 54417 --- [           main] .s.d.r.c.RepositoryConfigurationDelegate : Bootstrapping Spring Data JPA repositories in DEFAULT mode.
2025-06-10T22:36:07.991+05:30  INFO 54417 --- [           main] .s.d.r.c.RepositoryConfigurationDelegate : Finished Spring Data repository scanning in 8 ms. Found 1 JPA repository interface.
2025-06-10T22:36:08.197+05:30  INFO 54417 --- [           main] o.hibernate.jpa.internal.util.LogHelper  : HHH000204: Processing PersistenceUnitInfo [name: default]
2025-06-10T22:36:08.199+05:30  INFO 54417 --- [           main] o.h.c.internal.RegionFactoryInitiator    : HHH000026: Second-level cache disabled
2025-06-10T22:36:08.204+05:30  INFO 54417 --- [           main] o.s.o.j.p.SpringPersistenceUnitInfo      : No LoadTimeWeaver setup: ignoring JPA class transformer
2025-06-10T22:36:08.205+05:30  INFO 54417 --- [           main] com.zaxxer.hikari.HikariDataSource       : HikariPool-1 - Starting...
2025-06-10T22:36:08.223+05:30  INFO 54417 --- [           main] com.zaxxer.hikari.pool.HikariPool        : HikariPool-1 - Added connection conn4: url=jdbc:h2:mem:testdb user=SA
2025-06-10T22:36:08.225+05:30  INFO 54417 --- [           main] com.zaxxer.hikari.HikariDataSource       : HikariPool-1 - Start completed.
2025-06-10T22:36:08.270+05:30  INFO 54417 --- [           main] o.h.e.t.j.p.i.JtaPlatformInitiator       : HHH000489: No JTA platform available (set 'hibernate.transaction.jta.platform' to enable JTA platform integration)
Hibernate: 
    create table account (
        id bigint not null,
        balance numeric(38,2),
        owner varchar(255),
        primary key (id)
    )
2025-06-10T22:36:08.279+05:30  INFO 54417 --- [           main] j.LocalContainerEntityManagerFactoryBean : Initialized JPA EntityManagerFactory for persistence unit 'default'
2025-06-10T22:36:08.344+05:30  WARN 54417 --- [           main] JpaBaseConfiguration$JpaWebConfiguration : spring.jpa.open-in-view is enabled by default. Therefore, database queries may be performed during view rendering. Explicitly configure spring.jpa.open-in-view to disable this warning
2025-06-10T22:36:08.375+05:30  WARN 54417 --- [           main] .s.s.UserDetailsServiceAutoConfiguration : 

Using generated security password: 48519e06-a2df-4c14-ac2b-9200dee5688d

This generated password is for development use only. Your security configuration must be updated before running your application in production.

2025-06-10T22:36:08.533+05:30 DEBUG 54417 --- [           main] s.w.s.m.m.a.RequestMappingHandlerMapping : 3 mappings in 'requestMappingHandlerMapping'
2025-06-10T22:36:08.637+05:30 DEBUG 54417 --- [           main] o.s.w.s.handler.SimpleUrlHandlerMapping  : Patterns [/webjars/**, /**] in 'resourceHandlerMapping'
2025-06-10T22:36:08.672+05:30  INFO 54417 --- [           main] o.s.s.web.DefaultSecurityFilterChain     : Will secure any request with [org.springframework.security.web.session.DisableEncodeUrlFilter@150eab74, org.springframework.security.web.context.request.async.WebAsyncManagerIntegrationFilter@4d2dc60, org.springframework.security.web.context.SecurityContextHolderFilter@2cbb9702, org.springframework.security.web.header.HeaderWriterFilter@179dc2, org.springframework.web.filter.CorsFilter@43f670f3, org.springframework.security.web.csrf.CsrfFilter@16441c13, org.springframework.security.web.authentication.logout.LogoutFilter@365ad794, org.springframework.security.web.savedrequest.RequestCacheAwareFilter@1da77a43, org.springframework.security.web.servletapi.SecurityContextHolderAwareRequestFilter@63604641, org.springframework.security.web.authentication.AnonymousAuthenticationFilter@6311640d, org.springframework.security.web.access.ExceptionTranslationFilter@3cd3cf6b, org.springframework.security.web.access.intercept.AuthorizationFilter@c197f46]
2025-06-10T22:36:08.835+05:30 DEBUG 54417 --- [           main] s.w.s.m.m.a.RequestMappingHandlerAdapter : ControllerAdvice beans: 0 @ModelAttribute, 0 @InitBinder, 1 RequestBodyAdvice, 1 ResponseBodyAdvice
2025-06-10T22:36:08.878+05:30 DEBUG 54417 --- [           main] .m.m.a.ExceptionHandlerExceptionResolver : ControllerAdvice beans: 1 @ExceptionHandler, 1 ResponseBodyAdvice
2025-06-10T22:36:08.921+05:30  INFO 54417 --- [           main] o.s.b.a.h2.H2ConsoleAutoConfiguration    : H2 console available at '/h2-console'. Database available at 'jdbc:h2:mem:testdb'
2025-06-10T22:36:08.990+05:30  INFO 54417 --- [           main] o.s.b.t.m.w.SpringBootMockServletContext : Initializing Spring TestDispatcherServlet ''
2025-06-10T22:36:08.991+05:30  INFO 54417 --- [           main] o.s.t.web.servlet.TestDispatcherServlet  : Initializing Servlet ''
2025-06-10T22:36:08.992+05:30  INFO 54417 --- [           main] o.s.t.web.servlet.TestDispatcherServlet  : Completed initialization in 1 ms
2025-06-10T22:36:09.005+05:30  INFO 54417 --- [           main] c.s.account.AccountIntegrationTest       : Started AccountIntegrationTest in 1.698 seconds (process running for 16.582)
Hibernate: 
    select
        a1_0.id,
        a1_0.balance,
        a1_0.owner 
    from
        account a1_0
Hibernate: 
    select
        a1_0.id,
        a1_0.balance,
        a1_0.owner 
    from
        account a1_0 
    where
        a1_0.id=?
Hibernate: 
    insert 
    into
        account
        (balance, owner, id) 
    values
        (?, ?, ?)
Hibernate: 
    select
        a1_0.id,
        a1_0.balance,
        a1_0.owner 
    from
        account a1_0 
    where
        a1_0.id=?
Hibernate: 
    insert 
    into
        account
        (balance, owner, id) 
    values
        (?, ?, ?)
2025-06-10T22:36:09.146+05:30 DEBUG 54417 --- [           main] s.w.s.m.m.a.RequestMappingHandlerMapping : Mapped to com.securebank.account.controller.TransferController#transfer(TransferRequest)
2025-06-10T22:36:09.200+05:30 DEBUG 54417 --- [           main] m.m.a.RequestResponseBodyMethodProcessor : Read "application/json;charset=UTF-8" to [com.securebank.account.model.TransferRequest@13e9a2f2]
Hibernate: 
    select
        a1_0.id,
        a1_0.balance,
        a1_0.owner 
    from
        account a1_0 
    where
        a1_0.id=?
Hibernate: 
    select
        a1_0.id,
        a1_0.balance,
        a1_0.owner 
    from
        account a1_0 
    where
        a1_0.id=?
Hibernate: 
    update
        account 
    set
        balance=?,
        owner=? 
    where
        id=?
Hibernate: 
    update
        account 
    set
        balance=?,
        owner=? 
    where
        id=?
2025-06-10T22:36:09.242+05:30 DEBUG 54417 --- [           main] o.s.w.s.m.m.a.HttpEntityMethodProcessor  : Using 'text/plain', given [*/*] and supported [text/plain, */*, application/json, application/*+json]
2025-06-10T22:36:09.243+05:30 DEBUG 54417 --- [           main] o.s.w.s.m.m.a.HttpEntityMethodProcessor  : Writing ["Transfer successful"]
Hibernate: 
    select
        a1_0.id,
        a1_0.balance,
        a1_0.owner 
    from
        account a1_0 
    where
        a1_0.id=?
Hibernate: 
    select
        a1_0.id,
        a1_0.balance,
        a1_0.owner 
    from
        account a1_0 
    where
        a1_0.id=?
]]></system-out>
  </testcase>
</testsuite>